**********************
Windows PowerShell transcript start
Start time: 20260326194843
Username: TUF_WARRIOR_DK\mrdee
RunAs User: TUF_WARRIOR_DK\mrdee
Configuration Name: 
Machine: TUF_WARRIOR_DK (Microsoft Windows NT 10.0.26220.0)
Host Application: C:\Windows\System32\WindowsPowerShell\v1.0\powershell.exe -ExecutionPolicy Bypass -File scripts/check.ps1
Process ID: 7656
PSVersion: 5.1.26100.7670
PSEdition: Desktop
PSCompatibleVersions: 1.0, 2.0, 3.0, 4.0, 5.0, 5.1.26100.7670
BuildVersion: 10.0.26100.7670
CLRVersion: 4.0.30319.42000
WSManStackVersion: 3.0
PSRemotingProtocolVersion: 2.3
SerializationVersion: 1.1.0.1
**********************
SPDF Check -- 0.1.0-snapshot.14 (12990be) on TUF_WARRIOR_DK
Started: 2026-03-26T14:18:43Z


=== Rust ===
  [Rust] cargo fmt --check ...
 PASS
  [Rust] cargo clippy ...
 PASS
  [Rust] cargo test ...
 PASS

=== Python ===
  [Python] pip install api[dev] ...
 PASS
  [Python] maturin develop ...
 PASS
  [Python] pytest ...
 PASS

=== Studio ===
  [Studio] npm install ...
 PASS
  [Studio] vitest ...
 PASS
  [Studio] vite build ...
 PASS

========================================
  ALL CHECKS PASSED (9/9 steps)
  Tests: 367 passed, 0 failed, 0 skipped (367 total)
  Report: .build-results\CHECK_RESULTS.md
  Session log: .build-results\check-session.log
========================================

Next steps:
  git add .build-results
  git commit -m 'check: 0.1.0-snapshot.14'
  git push
**********************
Windows PowerShell transcript end
End time: 20260326195041
**********************
